<?xml version="1.0" encoding="UTF-8"?>
<testng-results skipped="0" failed="0" total="10" passed="10">
  <reporter-output>
  </reporter-output>
  <suite name="Suite" duration-ms="13875" started-at="2018-07-16T09:24:16Z" finished-at="2018-07-16T09:24:30Z">
    <groups>
    </groups>
    <test name="Test" duration-ms="13875" started-at="2018-07-16T09:24:16Z" finished-at="2018-07-16T09:24:30Z">
      <class name="navigateToHNjenkins.AT002_NavigateToLoginToMyAccount">
        <test-method status="PASS" signature="openBrowser()[pri:1, instance:navigateToHNjenkins.AT002_NavigateToLoginToMyAccount@56f4468b]" name="openBrowser" duration-ms="7733" started-at="2018-07-16T19:24:16Z" finished-at="2018-07-16T19:24:24Z">
          <reporter-output>
          </reporter-output>
        </test-method> <!-- openBrowser -->
        <test-method status="PASS" signature="Accountclick()[pri:2, instance:navigateToHNjenkins.AT002_NavigateToLoginToMyAccount@56f4468b]" name="Accountclick" duration-ms="1453" started-at="2018-07-16T19:24:24Z" finished-at="2018-07-16T19:24:26Z">
          <reporter-output>
          </reporter-output>
        </test-method> <!-- Accountclick -->
        <test-method status="PASS" signature="CreateAnAccount()[pri:3, instance:navigateToHNjenkins.AT002_NavigateToLoginToMyAccount@56f4468b]" name="CreateAnAccount" duration-ms="2403" started-at="2018-07-16T19:24:26Z" finished-at="2018-07-16T19:24:28Z">
          <reporter-output>
          </reporter-output>
        </test-method> <!-- CreateAnAccount -->
        <test-method status="PASS" signature="firstName()[pri:4, instance:navigateToHNjenkins.AT002_NavigateToLoginToMyAccount@56f4468b]" name="firstName" duration-ms="180" started-at="2018-07-16T19:24:28Z" finished-at="2018-07-16T19:24:28Z">
          <reporter-output>
          </reporter-output>
        </test-method> <!-- firstName -->
        <test-method status="PASS" signature="lastName()[pri:5, instance:navigateToHNjenkins.AT002_NavigateToLoginToMyAccount@56f4468b]" name="lastName" duration-ms="115" started-at="2018-07-16T19:24:28Z" finished-at="2018-07-16T19:24:28Z">
          <reporter-output>
          </reporter-output>
        </test-method> <!-- lastName -->
        <test-method status="PASS" signature="emailAddress()[pri:6, instance:navigateToHNjenkins.AT002_NavigateToLoginToMyAccount@56f4468b]" name="emailAddress" duration-ms="181" started-at="2018-07-16T19:24:28Z" finished-at="2018-07-16T19:24:28Z">
          <reporter-output>
          </reporter-output>
        </test-method> <!-- emailAddress -->
        <test-method status="PASS" signature="password()[pri:7, instance:navigateToHNjenkins.AT002_NavigateToLoginToMyAccount@56f4468b]" name="password" duration-ms="115" started-at="2018-07-16T19:24:28Z" finished-at="2018-07-16T19:24:29Z">
          <reporter-output>
          </reporter-output>
        </test-method> <!-- password -->
        <test-method status="PASS" signature="reenterPassword()[pri:8, instance:navigateToHNjenkins.AT002_NavigateToLoginToMyAccount@56f4468b]" name="reenterPassword" duration-ms="144" started-at="2018-07-16T19:24:29Z" finished-at="2018-07-16T19:24:29Z">
          <reporter-output>
          </reporter-output>
        </test-method> <!-- reenterPassword -->
        <test-method status="PASS" signature="checkBox()[pri:9, instance:navigateToHNjenkins.AT002_NavigateToLoginToMyAccount@56f4468b]" name="checkBox" duration-ms="126" started-at="2018-07-16T19:24:29Z" finished-at="2018-07-16T19:24:29Z">
          <reporter-output>
          </reporter-output>
        </test-method> <!-- checkBox -->
        <test-method status="PASS" signature="submitButton()[pri:10, instance:navigateToHNjenkins.AT002_NavigateToLoginToMyAccount@56f4468b]" name="submitButton" duration-ms="1396" started-at="2018-07-16T19:24:29Z" finished-at="2018-07-16T19:24:30Z">
          <reporter-output>
          </reporter-output>
        </test-method> <!-- submitButton -->
      </class> <!-- navigateToHNjenkins.AT002_NavigateToLoginToMyAccount -->
    </test> <!-- Test -->
  </suite> <!-- Suite -->
</testng-results>
